app/build/intermediates/manifest_merge_blame_file/release/manifest-merger-blame-release-report.txt
1<?xml version="1.0" encoding="utf-8"?>
2<manifest xmlns:android="http://schemas.android.com/apk/res/android"
3    package="com.sys.lxh.mywecareee"
4    android:versionCode="3"
5    android:versionName="3.0" >
6
7    <uses-sdk
8        android:minSdkVersion="16"
8-->src\main\AndroidManifest.xml
9        android:targetSdkVersion="29" />
9-->src\main\AndroidManifest.xml
10
11    <uses-permission android:name="android.permission.INTERNET" />
11-->src\main\AndroidManifest.xml:5:5-66
11-->src\main\AndroidManifest.xml:5:22-64
12
13    <application
13-->src\main\AndroidManifest.xml:7:5-22:19
14        android:allowBackup="true"
14-->src\main\AndroidManifest.xml:8:9-35
15        android:appComponentFactory="androidx.core.app.CoreComponentFactory"
15-->[androidx.core:core:1.1.0] AndroidManifest.xml:24:18-86
16        android:icon="@mipmap/ic_icon"
16-->src\main\AndroidManifest.xml:9:9-39
17        android:label="@string/app_name"
17-->src\main\AndroidManifest.xml:10:9-41
18        android:roundIcon="@mipmap/ic_icon"
18-->src\main\AndroidManifest.xml:11:9-44
19        android:supportsRtl="true"
19-->src\main\AndroidManifest.xml:12:9-35
20        android:theme="@style/AppTheme" >
20-->src\main\AndroidManifest.xml:13:9-40
21        <activity android:name="com.sys.xiaohui.MainActivity" >
21-->src\main\AndroidManifest.xml:14:9-20:20
21-->src\main\AndroidManifest.xml:14:19-62
22            <intent-filter>
22-->src\main\AndroidManifest.xml:15:13-19:29
23                <action android:name="android.intent.action.MAIN" />
23-->src\main\AndroidManifest.xml:16:17-69
23-->src\main\AndroidManifest.xml:16:25-66
24
25                <category android:name="android.intent.category.LAUNCHER" />
25-->src\main\AndroidManifest.xml:18:17-77
25-->src\main\AndroidManifest.xml:18:27-74
26            </intent-filter>
27        </activity>
28        <activity android:name="com.sys.xiaohui.WebDetailActivity" />
28-->src\main\AndroidManifest.xml:21:9-70
28-->src\main\AndroidManifest.xml:21:19-67
29    </application>
30
31</manifest>